# JRE version: Java(TM) SE Runtime Environment 18.9 (11.0.18+9) (build 11.0.18+9-LTS-195)
# Java VM: Java HotSpot(TM) 64-Bit Server VM 18.9 (11.0.18+9-LTS-195, mixed mode, tiered, compressed oops, g1 gc, windows-amd64)
Heap:
 garbage-first heap   total 524288K, used 207434K [0x0000000080000000, 0x0000000100000000)
  region size 1024K, 185 young (189440K), 20 survivors (20480K)
 Metaspace       used 58458K, capacity 60148K, committed 60240K, reserved 569344K
  class space    used 7692K, capacity 8403K, committed 8448K, reserved 516096K
GC Heap History (10 events):
Event: 0.472 GC heap after
{Heap after GC invocations=1 (full 0):
 garbage-first heap   total 524288K, used 10574K [0x0000000080000000, 0x0000000100000000)
  region size 1024K, 4 young (4096K), 4 survivors (4096K)
 Metaspace       used 9713K, capacity 9951K, committed 10112K, reserved 526336K
  class space    used 1006K, capacity 1069K, committed 1152K, reserved 516096K
}
Event: 1.831 GC heap before
{Heap before GC invocations=1 (full 0):
 garbage-first heap   total 524288K, used 106830K [0x0000000080000000, 0x0000000100000000)
  region size 1024K, 98 young (100352K), 4 survivors (4096K)
 Metaspace       used 20755K, capacity 21219K, committed 21296K, reserved 536576K
  class space    used 2507K, capacity 2687K, committed 2688K, reserved 516096K
}
Event: 1.837 GC heap after
{Heap after GC invocations=2 (full 0):
 garbage-first heap   total 524288K, used 18335K [0x0000000080000000, 0x0000000100000000)
  region size 1024K, 12 young (12288K), 12 survivors (12288K)
 Metaspace       used 20755K, capacity 21219K, committed 21296K, reserved 536576K
  class space    used 2507K, capacity 2687K, committed 2688K, reserved 516096K
}
Event: 2.576 GC heap before
{Heap before GC invocations=3 (full 0):
 garbage-first heap   total 524288K, used 68511K [0x0000000080000000, 0x0000000100000000)
  region size 1024K, 62 young (63488K), 12 survivors (12288K)
 Metaspace       used 24887K, capacity 25503K, committed 25648K, reserved 538624K
  class space    used 3212K, capacity 3453K, committed 3456K, reserved 516096K
}
Event: 2.582 GC heap after
{Heap after GC invocations=4 (full 0):
 garbage-first heap   total 524288K, used 20390K [0x0000000080000000, 0x0000000100000000)
  region size 1024K, 3 young (3072K), 3 survivors (3072K)
 Metaspace       used 24887K, capacity 25503K, committed 25648K, reserved 538624K
  class space    used 3212K, capacity 3453K, committed 3456K, reserved 516096K
}
Event: 3.601 GC heap before
{Heap before GC invocations=4 (full 0):
 garbage-first heap   total 524288K, used 107430K [0x0000000080000000, 0x0000000100000000)
  region size 1024K, 89 young (91136K), 3 survivors (3072K)
 Metaspace       used 34810K, capacity 35744K, committed 35920K, reserved 548864K
  class space    used 4634K, capacity 5003K, committed 5120K, reserved 516096K
}
Event: 3.606 GC heap after
{Heap after GC invocations=5 (full 0):
 garbage-first heap   total 524288K, used 23760K [0x0000000080000000, 0x0000000100000000)
  region size 1024K, 6 young (6144K), 6 survivors (6144K)
 Metaspace       used 34810K, capacity 35744K, committed 35920K, reserved 548864K
  class space    used 4634K, capacity 5003K, committed 5120K, reserved 516096K
}
Event: 6.353 GC heap before
{Heap before GC invocations=6 (full 0):
 garbage-first heap   total 524288K, used 141520K [0x0000000080000000, 0x0000000100000000)
  region size 1024K, 118 young (120832K), 6 survivors (6144K)
 Metaspace       used 45027K, capacity 46352K, committed 46672K, reserved 557056K
  class space    used 5753K, capacity 6274K, committed 6400K, reserved 516096K
}
Event: 6.361 GC heap after
{Heap after GC invocations=7 (full 0):
 garbage-first heap   total 524288K, used 32330K [0x0000000080000000, 0x0000000100000000)
  region size 1024K, 14 young (14336K), 14 survivors (14336K)
 Metaspace       used 45027K, capacity 46352K, committed 46672K, reserved 557056K
  class space    used 5753K, capacity 6274K, committed 6400K, reserved 516096K
}
Event: 7.886 GC heap before
{Heap before GC invocations=7 (full 0):
 garbage-first heap   total 524288K, used 206410K [0x0000000080000000, 0x0000000100000000)
  region size 1024K, 179 young (183296K), 14 survivors (14336K)
 Metaspace       used 58458K, capacity 60148K, committed 60240K, reserved 569344K
  class space    used 7692K, capacity 8403K, committed 8448K, reserved 516096K
}

